2025-02-19 16:35:45,514 - INFO - Обрабатываем файл: w:/MAIL/FOR_KAS/2\$1905716
2025-02-19 16:35:45,531 - INFO - Файл успешно обработан: w:/MAIL/FOR_KAS/2\$1905716
2025-02-19 16:35:45,532 - INFO - Файл обработан и сохранен: c:/Users/A.Pinevich/YandexDisk/domino_frontol_converter/data/FOR_KAS/2_FRONTOL\$1905716.txt
2025-02-19 16:35:45,540 - INFO - Удален исходный файл: w:/MAIL/FOR_KAS/2\$1905716
2025-02-19 16:35:45,540 - INFO - Обрабатываем файл: w:/MAIL/FOR_KAS/2\$2331464
2025-02-19 16:35:45,555 - INFO - Файл успешно обработан: w:/MAIL/FOR_KAS/2\$2331464
2025-02-19 16:35:45,555 - INFO - Файл обработан и сохранен: c:/Users/A.Pinevich/YandexDisk/domino_frontol_converter/data/FOR_KAS/2_FRONTOL\$2331464.txt
2025-02-19 16:35:45,819 - INFO - Удален исходный файл: w:/MAIL/FOR_KAS/2\$2331464
2025-02-19 16:35:45,819 - INFO - Обрабатываем файл: w:/MAIL/FOR_KAS/2\$2634773
2025-02-19 16:35:45,833 - INFO - Файл успешно обработан: w:/MAIL/FOR_KAS/2\$2634773
2025-02-19 16:35:45,833 - INFO - Файл обработан и сохранен: c:/Users/A.Pinevich/YandexDisk/domino_frontol_converter/data/FOR_KAS/2_FRONTOL\$2634773.txt
2025-02-19 16:35:46,021 - INFO - Удален исходный файл: w:/MAIL/FOR_KAS/2\$2634773
2025-02-19 16:35:46,021 - INFO - Обрабатываем файл: w:/MAIL/FOR_KAS/2\$2830214
2025-02-19 16:35:46,036 - INFO - Файл успешно обработан: w:/MAIL/FOR_KAS/2\$2830214
2025-02-19 16:35:46,036 - INFO - Файл обработан и сохранен: c:/Users/A.Pinevich/YandexDisk/domino_frontol_converter/data/FOR_KAS/2_FRONTOL\$2830214.txt
2025-02-19 16:35:46,222 - INFO - Удален исходный файл: w:/MAIL/FOR_KAS/2\$2830214
2025-02-19 16:35:46,222 - INFO - Обрабатываем файл: w:/MAIL/FOR_KAS/2\$3574139
2025-02-19 16:35:46,235 - INFO - Файл успешно обработан: w:/MAIL/FOR_KAS/2\$3574139
2025-02-19 16:35:46,236 - INFO - Файл обработан и сохранен: c:/Users/A.Pinevich/YandexDisk/domino_frontol_converter/data/FOR_KAS/2_FRONTOL\$3574139.txt
2025-02-19 16:35:46,422 - INFO - Удален исходный файл: w:/MAIL/FOR_KAS/2\$3574139
2025-02-19 16:35:46,423 - INFO - Обрабатываем файл: w:/MAIL/FOR_KAS/2\$4157430
2025-02-19 16:35:46,426 - INFO - Файл успешно обработан: w:/MAIL/FOR_KAS/2\$4157430
2025-02-19 16:35:46,427 - INFO - Файл обработан и сохранен: c:/Users/A.Pinevich/YandexDisk/domino_frontol_converter/data/FOR_KAS/2_FRONTOL\$4157430.txt
2025-02-19 16:35:46,724 - INFO - Удален исходный файл: w:/MAIL/FOR_KAS/2\$4157430
2025-02-19 16:35:46,725 - INFO - Обрабатываем файл: w:/MAIL/FOR_KAS/2\$4612799
2025-02-19 16:35:46,729 - INFO - Файл успешно обработан: w:/MAIL/FOR_KAS/2\$4612799
2025-02-19 16:35:46,729 - INFO - Файл обработан и сохранен: c:/Users/A.Pinevich/YandexDisk/domino_frontol_converter/data/FOR_KAS/2_FRONTOL\$4612799.txt
2025-02-19 16:35:46,738 - INFO - Удален исходный файл: w:/MAIL/FOR_KAS/2\$4612799
2025-02-19 16:35:46,739 - INFO - Обрабатываем файл: w:/MAIL/FOR_KAS/2\$466481
2025-02-19 16:35:46,754 - INFO - Файл успешно обработан: w:/MAIL/FOR_KAS/2\$466481
2025-02-19 16:35:46,754 - INFO - Файл обработан и сохранен: c:/Users/A.Pinevich/YandexDisk/domino_frontol_converter/data/FOR_KAS/2_FRONTOL\$466481.txt
2025-02-19 16:35:46,761 - INFO - Удален исходный файл: w:/MAIL/FOR_KAS/2\$466481
2025-02-19 16:35:46,761 - INFO - Обрабатываем файл: w:/MAIL/FOR_KAS/2\$4938166
2025-02-19 16:35:46,773 - INFO - Файл успешно обработан: w:/MAIL/FOR_KAS/2\$4938166
2025-02-19 16:35:46,773 - INFO - Файл обработан и сохранен: c:/Users/A.Pinevich/YandexDisk/domino_frontol_converter/data/FOR_KAS/2_FRONTOL\$4938166.txt
2025-02-19 16:35:46,781 - INFO - Удален исходный файл: w:/MAIL/FOR_KAS/2\$4938166
2025-02-19 16:35:46,781 - INFO - Обрабатываем файл: w:/MAIL/FOR_KAS/2\$5245413
2025-02-19 16:35:46,794 - INFO - Файл успешно обработан: w:/MAIL/FOR_KAS/2\$5245413
2025-02-19 16:35:46,795 - INFO - Файл обработан и сохранен: c:/Users/A.Pinevich/YandexDisk/domino_frontol_converter/data/FOR_KAS/2_FRONTOL\$5245413.txt
2025-02-19 16:35:46,912 - INFO - Удален исходный файл: w:/MAIL/FOR_KAS/2\$5245413
2025-02-19 16:35:46,912 - INFO - Обрабатываем файл: w:/MAIL/FOR_KAS/2\$5464858
2025-02-19 16:35:46,916 - INFO - Файл успешно обработан: w:/MAIL/FOR_KAS/2\$5464858
2025-02-19 16:35:46,916 - INFO - Файл обработан и сохранен: c:/Users/A.Pinevich/YandexDisk/domino_frontol_converter/data/FOR_KAS/2_FRONTOL\$5464858.txt
2025-02-19 16:35:47,126 - INFO - Удален исходный файл: w:/MAIL/FOR_KAS/2\$5464858
2025-02-19 16:35:47,126 - INFO - Обрабатываем файл: w:/MAIL/FOR_KAS/2\$6890894
2025-02-19 16:35:47,129 - INFO - Файл успешно обработан: w:/MAIL/FOR_KAS/2\$6890894
2025-02-19 16:35:47,129 - INFO - Файл обработан и сохранен: c:/Users/A.Pinevich/YandexDisk/domino_frontol_converter/data/FOR_KAS/2_FRONTOL\$6890894.txt
2025-02-19 16:35:47,332 - INFO - Удален исходный файл: w:/MAIL/FOR_KAS/2\$6890894
2025-02-19 16:35:47,332 - INFO - Обрабатываем файл: w:/MAIL/FOR_KAS/2\$7376781
2025-02-19 16:35:47,336 - INFO - Файл успешно обработан: w:/MAIL/FOR_KAS/2\$7376781
2025-02-19 16:35:47,336 - INFO - Файл обработан и сохранен: c:/Users/A.Pinevich/YandexDisk/domino_frontol_converter/data/FOR_KAS/2_FRONTOL\$7376781.txt
2025-02-19 16:35:47,343 - INFO - Удален исходный файл: w:/MAIL/FOR_KAS/2\$7376781
2025-02-19 16:35:47,343 - INFO - Обрабатываем файл: w:/MAIL/FOR_KAS/2\$7638468
2025-02-19 16:35:47,355 - INFO - Файл успешно обработан: w:/MAIL/FOR_KAS/2\$7638468
2025-02-19 16:35:47,356 - INFO - Файл обработан и сохранен: c:/Users/A.Pinevich/YandexDisk/domino_frontol_converter/data/FOR_KAS/2_FRONTOL\$7638468.txt
2025-02-19 16:35:47,363 - INFO - Удален исходный файл: w:/MAIL/FOR_KAS/2\$7638468
2025-02-19 16:35:47,363 - INFO - Обрабатываем файл: w:/MAIL/FOR_KAS/2\$778011
2025-02-19 16:35:47,367 - INFO - Файл успешно обработан: w:/MAIL/FOR_KAS/2\$778011
2025-02-19 16:35:47,367 - INFO - Файл обработан и сохранен: c:/Users/A.Pinevich/YandexDisk/domino_frontol_converter/data/FOR_KAS/2_FRONTOL\$778011.txt
2025-02-19 16:35:47,374 - INFO - Удален исходный файл: w:/MAIL/FOR_KAS/2\$778011
2025-02-19 16:35:47,374 - INFO - Обрабатываем файл: w:/MAIL/FOR_KAS/2\$8115642
2025-02-19 16:35:47,378 - INFO - Файл успешно обработан: w:/MAIL/FOR_KAS/2\$8115642
2025-02-19 16:35:47,378 - INFO - Файл обработан и сохранен: c:/Users/A.Pinevich/YandexDisk/domino_frontol_converter/data/FOR_KAS/2_FRONTOL\$8115642.txt
2025-02-19 16:35:47,386 - INFO - Удален исходный файл: w:/MAIL/FOR_KAS/2\$8115642
2025-02-19 16:35:47,386 - INFO - Обрабатываем файл: w:/MAIL/FOR_KAS/2\$8283125
2025-02-19 16:35:47,389 - INFO - Файл успешно обработан: w:/MAIL/FOR_KAS/2\$8283125
2025-02-19 16:35:47,390 - INFO - Файл обработан и сохранен: c:/Users/A.Pinevich/YandexDisk/domino_frontol_converter/data/FOR_KAS/2_FRONTOL\$8283125.txt
2025-02-19 16:35:47,397 - INFO - Удален исходный файл: w:/MAIL/FOR_KAS/2\$8283125
2025-02-19 16:35:47,398 - INFO - Обрабатываем файл: w:/MAIL/FOR_KAS/2\$8598891
2025-02-19 16:35:47,402 - INFO - Файл успешно обработан: w:/MAIL/FOR_KAS/2\$8598891
2025-02-19 16:35:47,402 - INFO - Файл обработан и сохранен: c:/Users/A.Pinevich/YandexDisk/domino_frontol_converter/data/FOR_KAS/2_FRONTOL\$8598891.txt
2025-02-19 16:35:47,628 - INFO - Удален исходный файл: w:/MAIL/FOR_KAS/2\$8598891
2025-02-19 16:35:47,628 - INFO - Обрабатываем файл: w:/MAIL/FOR_KAS/2\$8972655
2025-02-19 16:35:47,632 - INFO - Файл успешно обработан: w:/MAIL/FOR_KAS/2\$8972655
2025-02-19 16:35:47,632 - INFO - Файл обработан и сохранен: c:/Users/A.Pinevich/YandexDisk/domino_frontol_converter/data/FOR_KAS/2_FRONTOL\$8972655.txt
2025-02-19 16:35:47,832 - INFO - Удален исходный файл: w:/MAIL/FOR_KAS/2\$8972655
2025-02-19 16:35:47,833 - INFO - Создан файл-флаг: c:/Users/A.Pinevich/YandexDisk/domino_frontol_converter/data/FOR_KAS/2_FRONTOL\ready_to_load.flag
2025-02-19 16:35:47,833 - INFO - Файл-флаг успешно создан в c:/Users/A.Pinevich/YandexDisk/domino_frontol_converter/data/FOR_KAS/2_FRONTOL.
