2025-02-11 19:00:12,998 - INFO - Создан файл-флаг: c:/Users/A.Pinevich/YandexDisk/Ньюмарк Домашний Фронтол Кассы/FOR_KAS/2_FRONTOL\in.f
2025-02-11 19:00:12,998 - INFO - Обрабатываем файл: c:/Users/A.Pinevich/YandexDisk/Ньюмарк Домашний Фронтол Кассы/FOR_KAS/2\$7988922
2025-02-11 19:00:13,005 - INFO - Файл успешно обработан: c:/Users/A.Pinevich/YandexDisk/Ньюмарк Домашний Фронтол Кассы/FOR_KAS/2\$7988922
2025-02-11 19:00:13,006 - INFO - Файл обработан и сохранен: c:/Users/A.Pinevich/YandexDisk/Ньюмарк Домашний Фронтол Кассы/FOR_KAS/2_FRONTOL\$7988922
2025-02-11 19:10:51,202 - INFO - Создан файл-флаг: c:/Users/A.Pinevich/YandexDisk/Ньюмарк Домашний Фронтол Кассы/FOR_KAS/2_FRONTOL\in.f
2025-02-11 19:10:51,202 - INFO - Обрабатываем файл: c:/Users/A.Pinevich/YandexDisk/Ньюмарк Домашний Фронтол Кассы/FOR_KAS/2\$7988922
2025-02-11 19:10:51,205 - INFO - Файл успешно обработан: c:/Users/A.Pinevich/YandexDisk/Ньюмарк Домашний Фронтол Кассы/FOR_KAS/2\$7988922
2025-02-11 19:10:51,205 - INFO - Файл обработан и сохранен: c:/Users/A.Pinevich/YandexDisk/Ньюмарк Домашний Фронтол Кассы/FOR_KAS/2_FRONTOL\$7988922.txt
2025-02-11 19:11:36,778 - INFO - Создан файл-флаг: c:/Users/A.Pinevich/YandexDisk/Ньюмарк Домашний Фронтол Кассы/FOR_KAS/2_FRONTOL\in.f
2025-02-11 19:11:36,778 - INFO - Обрабатываем файл: c:/Users/A.Pinevich/YandexDisk/Ньюмарк Домашний Фронтол Кассы/FOR_KAS/2\$7988922
2025-02-11 19:11:36,780 - INFO - Файл успешно обработан: c:/Users/A.Pinevich/YandexDisk/Ньюмарк Домашний Фронтол Кассы/FOR_KAS/2\$7988922
2025-02-11 19:11:36,780 - INFO - Файл обработан и сохранен: c:/Users/A.Pinevich/YandexDisk/Ньюмарк Домашний Фронтол Кассы/FOR_KAS/2_FRONTOL\$7988922.txt
2025-02-11 19:13:04,842 - INFO - Создан файл-флаг: c:/Users/A.Pinevich/YandexDisk/Ньюмарк Домашний Фронтол Кассы/FOR_KAS/2_FRONTOL\in.f
2025-02-11 19:13:04,842 - INFO - Обрабатываем файл: c:/Users/A.Pinevich/YandexDisk/Ньюмарк Домашний Фронтол Кассы/FOR_KAS/2\$7988922
2025-02-11 19:13:04,846 - INFO - Файл успешно обработан: c:/Users/A.Pinevich/YandexDisk/Ньюмарк Домашний Фронтол Кассы/FOR_KAS/2\$7988922
2025-02-11 19:13:04,846 - INFO - Файл обработан и сохранен: c:/Users/A.Pinevich/YandexDisk/Ньюмарк Домашний Фронтол Кассы/FOR_KAS/2_FRONTOL\$7988922.txt
2025-02-11 19:13:19,847 - INFO - Создан файл-флаг: c:/Users/A.Pinevich/YandexDisk/Ньюмарк Домашний Фронтол Кассы/FOR_KAS/2_FRONTOL\in.f
2025-02-11 19:13:19,847 - INFO - Обрабатываем файл: c:/Users/A.Pinevich/YandexDisk/Ньюмарк Домашний Фронтол Кассы/FOR_KAS/2\$7988922
2025-02-11 19:13:19,850 - INFO - Файл успешно обработан: c:/Users/A.Pinevich/YandexDisk/Ньюмарк Домашний Фронтол Кассы/FOR_KAS/2\$7988922
2025-02-11 19:13:19,850 - INFO - Файл обработан и сохранен: c:/Users/A.Pinevich/YandexDisk/Ньюмарк Домашний Фронтол Кассы/FOR_KAS/2_FRONTOL\$7988922.txt
2025-02-11 19:15:24,031 - INFO - Создан файл-флаг: c:/Users/A.Pinevich/YandexDisk/Ньюмарк Домашний Фронтол Кассы/FOR_KAS/2_FRONTOL\in.f
2025-02-11 19:15:24,032 - INFO - Обрабатываем файл: c:/Users/A.Pinevich/YandexDisk/Ньюмарк Домашний Фронтол Кассы/FOR_KAS/2\$7988922
2025-02-11 19:15:24,034 - INFO - Файл успешно обработан: c:/Users/A.Pinevich/YandexDisk/Ньюмарк Домашний Фронтол Кассы/FOR_KAS/2\$7988922
2025-02-11 19:15:24,034 - INFO - Файл обработан и сохранен: c:/Users/A.Pinevich/YandexDisk/Ньюмарк Домашний Фронтол Кассы/FOR_KAS/2_FRONTOL\$7988922.txt
2025-02-11 19:17:53,307 - INFO - Создан файл-флаг: c:/Users/A.Pinevich/YandexDisk/Ньюмарк Домашний Фронтол Кассы/FOR_KAS/2_FRONTOL\in.f
2025-02-11 19:17:53,308 - INFO - Обрабатываем файл: c:/Users/A.Pinevich/YandexDisk/Ньюмарк Домашний Фронтол Кассы/FOR_KAS/2\$7988922
2025-02-11 19:17:53,311 - INFO - Файл успешно обработан: c:/Users/A.Pinevich/YandexDisk/Ньюмарк Домашний Фронтол Кассы/FOR_KAS/2\$7988922
2025-02-11 19:17:53,312 - INFO - Файл обработан и сохранен: c:/Users/A.Pinevich/YandexDisk/Ньюмарк Домашний Фронтол Кассы/FOR_KAS/2_FRONTOL\$7988922.txt
2025-02-11 19:19:16,926 - INFO - Создан файл-флаг: c:/Users/A.Pinevich/YandexDisk/Ньюмарк Домашний Фронтол Кассы/FOR_KAS/2_FRONTOL\in.f
2025-02-11 19:19:16,926 - INFO - Обрабатываем файл: c:/Users/A.Pinevich/YandexDisk/Ньюмарк Домашний Фронтол Кассы/FOR_KAS/2\$7988922
2025-02-11 19:19:16,931 - INFO - Файл успешно обработан: c:/Users/A.Pinevich/YandexDisk/Ньюмарк Домашний Фронтол Кассы/FOR_KAS/2\$7988922
2025-02-11 19:19:16,932 - INFO - Файл обработан и сохранен: c:/Users/A.Pinevich/YandexDisk/Ньюмарк Домашний Фронтол Кассы/FOR_KAS/2_FRONTOL\$7988922.txt
2025-02-11 19:20:43,694 - INFO - Создан файл-флаг: c:/Users/A.Pinevich/YandexDisk/Ньюмарк Домашний Фронтол Кассы/FOR_KAS/2_FRONTOL\in.f
2025-02-11 19:20:43,695 - INFO - Обрабатываем файл: c:/Users/A.Pinevich/YandexDisk/Ньюмарк Домашний Фронтол Кассы/FOR_KAS/2\$7988921
2025-02-11 19:20:43,697 - INFO - Файл успешно обработан: c:/Users/A.Pinevich/YandexDisk/Ньюмарк Домашний Фронтол Кассы/FOR_KAS/2\$7988921
2025-02-11 19:20:43,697 - INFO - Файл обработан и сохранен: c:/Users/A.Pinevich/YandexDisk/Ньюмарк Домашний Фронтол Кассы/FOR_KAS/2_FRONTOL\$7988921.txt
2025-02-11 19:24:54,410 - INFO - Создан файл-флаг: c:/Users/A.Pinevich/YandexDisk/Ньюмарк Домашний Фронтол Кассы/FOR_KAS/2_FRONTOL\in.f
2025-02-11 19:24:54,410 - INFO - Обрабатываем файл: c:/Users/A.Pinevich/YandexDisk/Ньюмарк Домашний Фронтол Кассы/FOR_KAS/2\$7988922
2025-02-11 19:24:54,413 - INFO - Файл успешно обработан: c:/Users/A.Pinevich/YandexDisk/Ньюмарк Домашний Фронтол Кассы/FOR_KAS/2\$7988922
2025-02-11 19:24:54,413 - INFO - Файл обработан и сохранен: c:/Users/A.Pinevich/YandexDisk/Ньюмарк Домашний Фронтол Кассы/FOR_KAS/2_FRONTOL\$7988922.txt
2025-02-11 19:24:54,413 - INFO - Обрабатываем файл: c:/Users/A.Pinevich/YandexDisk/Ньюмарк Домашний Фронтол Кассы/FOR_KAS/2\$7988923
2025-02-11 19:24:54,414 - INFO - Файл успешно обработан: c:/Users/A.Pinevich/YandexDisk/Ньюмарк Домашний Фронтол Кассы/FOR_KAS/2\$7988923
2025-02-11 19:24:54,414 - INFO - Файл обработан и сохранен: c:/Users/A.Pinevich/YandexDisk/Ньюмарк Домашний Фронтол Кассы/FOR_KAS/2_FRONTOL\$7988923.txt
