2025-02-12 12:50:42,503 - INFO - Создан файл-флаг: c:/Users/A.Pinevich/YandexDisk/Ньюмарк Домашний Фронтол Кассы/FOR_KAS/2_FRONTOL\in.f
2025-02-12 12:50:42,504 - INFO - Обрабатываем файл: c:/Users/A.Pinevich/YandexDisk/Ньюмарк Домашний Фронтол Кассы/FOR_KAS/2\$7988922
2025-02-12 12:50:42,508 - INFO - Файл успешно обработан: c:/Users/A.Pinevich/YandexDisk/Ньюмарк Домашний Фронтол Кассы/FOR_KAS/2\$7988922
2025-02-12 12:50:42,508 - INFO - Файл обработан и сохранен: c:/Users/A.Pinevich/YandexDisk/Ньюмарк Домашний Фронтол Кассы/FOR_KAS/2_FRONTOL\$7988922.txt
2025-02-12 12:52:29,341 - INFO - Создан файл-флаг: c:/Users/A.Pinevich/YandexDisk/Ньюмарк Домашний Фронтол Кассы/FOR_KAS/2_FRONTOL\in.f
2025-02-12 12:52:29,341 - INFO - Обрабатываем файл: c:/Users/A.Pinevich/YandexDisk/Ньюмарк Домашний Фронтол Кассы/FOR_KAS/2\$7988922
2025-02-12 12:52:29,344 - INFO - Файл успешно обработан: c:/Users/A.Pinevich/YandexDisk/Ньюмарк Домашний Фронтол Кассы/FOR_KAS/2\$7988922
2025-02-12 12:52:29,344 - INFO - Файл обработан и сохранен: c:/Users/A.Pinevich/YandexDisk/Ньюмарк Домашний Фронтол Кассы/FOR_KAS/2_FRONTOL\$7988922.txt
2025-02-12 13:04:29,273 - INFO - Создан файл-флаг: c:/Users/A.Pinevich/YandexDisk/Ньюмарк Домашний Фронтол Кассы/FOR_KAS/2_FRONTOL\in.f
2025-02-12 13:04:29,273 - INFO - Обрабатываем файл: c:/Users/A.Pinevich/YandexDisk/Ньюмарк Домашний Фронтол Кассы/FOR_KAS/2\$7988922
2025-02-12 13:04:29,276 - INFO - Файл успешно обработан: c:/Users/A.Pinevich/YandexDisk/Ньюмарк Домашний Фронтол Кассы/FOR_KAS/2\$7988922
2025-02-12 13:04:29,276 - INFO - Файл обработан и сохранен: c:/Users/A.Pinevich/YandexDisk/Ньюмарк Домашний Фронтол Кассы/FOR_KAS/2_FRONTOL\$7988922.txt
2025-02-12 13:10:19,693 - INFO - Создан файл-флаг: c:/Users/A.Pinevich/YandexDisk/Ньюмарк Домашний Фронтол Кассы/FOR_KAS/2_FRONTOL\in.f
2025-02-12 13:10:19,693 - INFO - Обрабатываем файл: c:/Users/A.Pinevich/YandexDisk/Ньюмарк Домашний Фронтол Кассы/FOR_KAS/2\$7988922
2025-02-12 13:10:19,695 - ERROR - Ошибка при обработке файла: c:/Users/A.Pinevich/YandexDisk/Ньюмарк Домашний Фронтол Кассы/FOR_KAS/2\$7988922 - sequence item 22: expected str instance, int found
2025-02-12 13:10:19,695 - ERROR - Ошибка при обработке файла: c:/Users/A.Pinevich/YandexDisk/Ньюмарк Домашний Фронтол Кассы/FOR_KAS/2\$7988922
2025-02-12 13:11:33,402 - INFO - Создан файл-флаг: c:/Users/A.Pinevich/YandexDisk/Ньюмарк Домашний Фронтол Кассы/FOR_KAS/2_FRONTOL\in.f
2025-02-12 13:11:33,402 - INFO - Обрабатываем файл: c:/Users/A.Pinevich/YandexDisk/Ньюмарк Домашний Фронтол Кассы/FOR_KAS/2\$7988922
2025-02-12 13:11:33,404 - INFO - Файл успешно обработан: c:/Users/A.Pinevich/YandexDisk/Ньюмарк Домашний Фронтол Кассы/FOR_KAS/2\$7988922
2025-02-12 13:11:33,404 - INFO - Файл обработан и сохранен: c:/Users/A.Pinevich/YandexDisk/Ньюмарк Домашний Фронтол Кассы/FOR_KAS/2_FRONTOL\$7988922.txt
2025-02-12 13:14:03,527 - INFO - Создан файл-флаг: c:/Users/A.Pinevich/YandexDisk/Ньюмарк Домашний Фронтол Кассы/FOR_KAS/2_FRONTOL\in.f
2025-02-12 13:14:03,528 - INFO - Обрабатываем файл: c:/Users/A.Pinevich/YandexDisk/Ньюмарк Домашний Фронтол Кассы/FOR_KAS/2\$7988922
2025-02-12 13:14:03,530 - ERROR - Ошибка при обработке файла: c:/Users/A.Pinevich/YandexDisk/Ньюмарк Домашний Фронтол Кассы/FOR_KAS/2\$7988922 - sequence item 22: expected str instance, int found
2025-02-12 13:14:03,530 - ERROR - Ошибка при обработке файла: c:/Users/A.Pinevich/YandexDisk/Ньюмарк Домашний Фронтол Кассы/FOR_KAS/2\$7988922
2025-02-12 13:15:02,138 - INFO - Создан файл-флаг: c:/Users/A.Pinevich/YandexDisk/Ньюмарк Домашний Фронтол Кассы/FOR_KAS/2_FRONTOL\in.f
2025-02-12 13:15:02,138 - INFO - Обрабатываем файл: c:/Users/A.Pinevich/YandexDisk/Ньюмарк Домашний Фронтол Кассы/FOR_KAS/2\$7988922
2025-02-12 13:15:02,141 - ERROR - Ошибка при обработке файла: c:/Users/A.Pinevich/YandexDisk/Ньюмарк Домашний Фронтол Кассы/FOR_KAS/2\$7988922 - sequence item 22: expected str instance, int found
2025-02-12 13:15:02,141 - ERROR - Ошибка при обработке файла: c:/Users/A.Pinevich/YandexDisk/Ньюмарк Домашний Фронтол Кассы/FOR_KAS/2\$7988922
2025-02-12 13:20:44,358 - INFO - Создан файл-флаг: c:/Users/A.Pinevich/YandexDisk/Ньюмарк Домашний Фронтол Кассы/FOR_KAS/2_FRONTOL\in.f
2025-02-12 13:20:44,359 - INFO - Обрабатываем файл: c:/Users/A.Pinevich/YandexDisk/Ньюмарк Домашний Фронтол Кассы/FOR_KAS/2\$7988922
2025-02-12 13:20:44,361 - INFO - Файл успешно обработан: c:/Users/A.Pinevich/YandexDisk/Ньюмарк Домашний Фронтол Кассы/FOR_KAS/2\$7988922
2025-02-12 13:20:44,361 - INFO - Файл обработан и сохранен: c:/Users/A.Pinevich/YandexDisk/Ньюмарк Домашний Фронтол Кассы/FOR_KAS/2_FRONTOL\$7988922.txt
2025-02-12 13:30:13,730 - INFO - Создан файл-флаг: c:/Users/A.Pinevich/YandexDisk/Ньюмарк Домашний Фронтол Кассы/FOR_KAS/2_FRONTOL\in.f
2025-02-12 13:30:13,730 - INFO - Обрабатываем файл: c:/Users/A.Pinevich/YandexDisk/Ньюмарк Домашний Фронтол Кассы/FOR_KAS/2\$392436
2025-02-12 13:30:13,732 - INFO - Файл успешно обработан: c:/Users/A.Pinevich/YandexDisk/Ньюмарк Домашний Фронтол Кассы/FOR_KAS/2\$392436
2025-02-12 13:30:13,732 - INFO - Файл обработан и сохранен: c:/Users/A.Pinevich/YandexDisk/Ньюмарк Домашний Фронтол Кассы/FOR_KAS/2_FRONTOL\$392436.txt
2025-02-12 13:31:20,758 - INFO - Создан файл-флаг: c:/Users/A.Pinevich/YandexDisk/Ньюмарк Домашний Фронтол Кассы/FOR_KAS/2_FRONTOL\in.f
2025-02-12 13:31:20,759 - INFO - Обрабатываем файл: c:/Users/A.Pinevich/YandexDisk/Ньюмарк Домашний Фронтол Кассы/FOR_KAS/2\$392436
2025-02-12 13:31:20,761 - INFO - Файл успешно обработан: c:/Users/A.Pinevich/YandexDisk/Ньюмарк Домашний Фронтол Кассы/FOR_KAS/2\$392436
2025-02-12 13:31:20,761 - INFO - Файл обработан и сохранен: c:/Users/A.Pinevich/YandexDisk/Ньюмарк Домашний Фронтол Кассы/FOR_KAS/2_FRONTOL\$392436.txt
2025-02-12 13:38:30,537 - INFO - Создан файл-флаг: c:/Users/A.Pinevich/YandexDisk/Ньюмарк Домашний Фронтол Кассы/FOR_KAS/2_FRONTOL\in.f
2025-02-12 13:38:30,538 - INFO - Обрабатываем файл: c:/Users/A.Pinevich/YandexDisk/Ньюмарк Домашний Фронтол Кассы/FOR_KAS/2\$392436
2025-02-12 13:38:30,540 - INFO - Файл успешно обработан: c:/Users/A.Pinevich/YandexDisk/Ньюмарк Домашний Фронтол Кассы/FOR_KAS/2\$392436
2025-02-12 13:38:30,540 - INFO - Файл обработан и сохранен: c:/Users/A.Pinevich/YandexDisk/Ньюмарк Домашний Фронтол Кассы/FOR_KAS/2_FRONTOL\$392436.txt
2025-02-12 13:52:53,928 - INFO - Создан файл-флаг: c:/Users/A.Pinevich/YandexDisk/Ньюмарк Домашний Фронтол Кассы/FOR_KAS/2_FRONTOL\in.f
2025-02-12 13:52:53,928 - INFO - Обрабатываем файл: c:/Users/A.Pinevich/YandexDisk/Ньюмарк Домашний Фронтол Кассы/FOR_KAS/2\$392436
2025-02-12 13:52:53,933 - INFO - Файл успешно обработан: c:/Users/A.Pinevich/YandexDisk/Ньюмарк Домашний Фронтол Кассы/FOR_KAS/2\$392436
2025-02-12 13:52:53,933 - INFO - Файл обработан и сохранен: c:/Users/A.Pinevich/YandexDisk/Ньюмарк Домашний Фронтол Кассы/FOR_KAS/2_FRONTOL\$392436.txt
2025-02-12 14:06:05,445 - INFO - Создан файл-флаг: c:/Users/A.Pinevich/YandexDisk/Ньюмарк Домашний Фронтол Кассы/FOR_KAS/2_FRONTOL\in.f
2025-02-12 14:06:05,446 - INFO - Обрабатываем файл: c:/Users/A.Pinevich/YandexDisk/Ньюмарк Домашний Фронтол Кассы/FOR_KAS/2\$392436
2025-02-12 14:06:05,449 - INFO - Файл успешно обработан: c:/Users/A.Pinevich/YandexDisk/Ньюмарк Домашний Фронтол Кассы/FOR_KAS/2\$392436
2025-02-12 14:06:05,449 - INFO - Файл обработан и сохранен: c:/Users/A.Pinevich/YandexDisk/Ньюмарк Домашний Фронтол Кассы/FOR_KAS/2_FRONTOL\$392436.txt
2025-02-12 14:44:48,548 - INFO - Создан файл-флаг: c:/Users/A.Pinevich/YandexDisk/Ньюмарк Домашний Фронтол Кассы/FOR_KAS/2_FRONTOL\in.f
2025-02-12 14:44:48,549 - INFO - Обрабатываем файл: c:/Users/A.Pinevich/YandexDisk/Ньюмарк Домашний Фронтол Кассы/FOR_KAS/2\$392436
2025-02-12 14:44:48,551 - INFO - Файл успешно обработан: c:/Users/A.Pinevich/YandexDisk/Ньюмарк Домашний Фронтол Кассы/FOR_KAS/2\$392436
2025-02-12 14:44:48,552 - INFO - Файл обработан и сохранен: c:/Users/A.Pinevich/YandexDisk/Ньюмарк Домашний Фронтол Кассы/FOR_KAS/2_FRONTOL\$392436.txt
